  ChatApplicationServer.cpp
c:\users\boowm\documents\visual studio 2015\projects\chatapplicationserver\chatapplicationserver\comms.h(51): warning C4290: C++ exception specification ignored except to indicate a function is not __declspec(nothrow)
c:\users\boowm\documents\visual studio 2015\projects\chatapplicationserver\chatapplicationserver\comms.h(52): warning C4290: C++ exception specification ignored except to indicate a function is not __declspec(nothrow)
c:\users\boowm\documents\visual studio 2015\projects\chatapplicationserver\chatapplicationserver\comms.h(54): warning C4290: C++ exception specification ignored except to indicate a function is not __declspec(nothrow)
c:\users\boowm\documents\visual studio 2015\projects\chatapplicationserver\chatapplicationserver\comms.h(55): warning C4290: C++ exception specification ignored except to indicate a function is not __declspec(nothrow)
c:\users\boowm\documents\visual studio 2015\projects\chatapplicationserver\chatapplicationserver\client.h(17): warning C4290: C++ exception specification ignored except to indicate a function is not __declspec(nothrow)
  Generating Code...
  Compiling...
  Server.cpp
c:\users\boowm\documents\visual studio 2015\projects\chatapplicationserver\chatapplicationserver\comms.h(51): warning C4290: C++ exception specification ignored except to indicate a function is not __declspec(nothrow)
c:\users\boowm\documents\visual studio 2015\projects\chatapplicationserver\chatapplicationserver\comms.h(52): warning C4290: C++ exception specification ignored except to indicate a function is not __declspec(nothrow)
c:\users\boowm\documents\visual studio 2015\projects\chatapplicationserver\chatapplicationserver\comms.h(54): warning C4290: C++ exception specification ignored except to indicate a function is not __declspec(nothrow)
c:\users\boowm\documents\visual studio 2015\projects\chatapplicationserver\chatapplicationserver\comms.h(55): warning C4290: C++ exception specification ignored except to indicate a function is not __declspec(nothrow)
c:\users\boowm\documents\visual studio 2015\projects\chatapplicationserver\chatapplicationserver\server.cpp(16): warning C4290: C++ exception specification ignored except to indicate a function is not __declspec(nothrow)
c:\users\boowm\documents\visual studio 2015\projects\chatapplicationserver\chatapplicationserver\server.cpp(37): warning C4290: C++ exception specification ignored except to indicate a function is not __declspec(nothrow)
c:\users\boowm\documents\visual studio 2015\projects\chatapplicationserver\chatapplicationserver\server.cpp(52): warning C4290: C++ exception specification ignored except to indicate a function is not __declspec(nothrow)
  Client.cpp
c:\users\boowm\documents\visual studio 2015\projects\chatapplicationserver\chatapplicationserver\comms.h(51): warning C4290: C++ exception specification ignored except to indicate a function is not __declspec(nothrow)
c:\users\boowm\documents\visual studio 2015\projects\chatapplicationserver\chatapplicationserver\comms.h(52): warning C4290: C++ exception specification ignored except to indicate a function is not __declspec(nothrow)
c:\users\boowm\documents\visual studio 2015\projects\chatapplicationserver\chatapplicationserver\comms.h(54): warning C4290: C++ exception specification ignored except to indicate a function is not __declspec(nothrow)
c:\users\boowm\documents\visual studio 2015\projects\chatapplicationserver\chatapplicationserver\comms.h(55): warning C4290: C++ exception specification ignored except to indicate a function is not __declspec(nothrow)
c:\users\boowm\documents\visual studio 2015\projects\chatapplicationserver\chatapplicationserver\client.h(17): warning C4290: C++ exception specification ignored except to indicate a function is not __declspec(nothrow)
c:\users\boowm\documents\visual studio 2015\projects\chatapplicationserver\chatapplicationserver\client.cpp(16): warning C4290: C++ exception specification ignored except to indicate a function is not __declspec(nothrow)
  Generating Code...
  ChatApplicationServer.vcxproj -> C:\Users\boowm\documents\visual studio 2015\Projects\ChatApplicationServer\Debug\ChatApplicationServer.exe
  ChatApplicationServer.vcxproj -> C:\Users\boowm\documents\visual studio 2015\Projects\ChatApplicationServer\Debug\ChatApplicationServer.pdb (Full PDB)
