C:\Program Files (x86)\MSBuild\Microsoft.Cpp\v4.0\V140\Microsoft.CppBuild.targets(392,5): warning MSB8028: The intermediate directory (x64\Debug\) contains files shared from another project (ChatApplicationClient.vcxproj).  This can lead to incorrect clean and rebuild behavior.
  ChatApplicationClient.cpp
c:\users\boowm\documents\visual studio 2015\projects\chatapplicationclient\chatapplicationserver\comms.h(51): warning C4290: C++ exception specification ignored except to indicate a function is not __declspec(nothrow)
c:\users\boowm\documents\visual studio 2015\projects\chatapplicationclient\chatapplicationserver\comms.h(52): warning C4290: C++ exception specification ignored except to indicate a function is not __declspec(nothrow)
c:\users\boowm\documents\visual studio 2015\projects\chatapplicationclient\chatapplicationserver\comms.h(54): warning C4290: C++ exception specification ignored except to indicate a function is not __declspec(nothrow)
c:\users\boowm\documents\visual studio 2015\projects\chatapplicationclient\chatapplicationserver\comms.h(55): warning C4290: C++ exception specification ignored except to indicate a function is not __declspec(nothrow)
c:\users\boowm\documents\visual studio 2015\projects\chatapplicationclient\chatapplicationserver\client.h(17): warning C4290: C++ exception specification ignored except to indicate a function is not __declspec(nothrow)
  Generating Code...
  Compiling...
  Server.cpp
c:\users\boowm\documents\visual studio 2015\projects\chatapplicationclient\chatapplicationserver\comms.h(51): warning C4290: C++ exception specification ignored except to indicate a function is not __declspec(nothrow)
c:\users\boowm\documents\visual studio 2015\projects\chatapplicationclient\chatapplicationserver\comms.h(52): warning C4290: C++ exception specification ignored except to indicate a function is not __declspec(nothrow)
c:\users\boowm\documents\visual studio 2015\projects\chatapplicationclient\chatapplicationserver\comms.h(54): warning C4290: C++ exception specification ignored except to indicate a function is not __declspec(nothrow)
c:\users\boowm\documents\visual studio 2015\projects\chatapplicationclient\chatapplicationserver\comms.h(55): warning C4290: C++ exception specification ignored except to indicate a function is not __declspec(nothrow)
c:\users\boowm\documents\visual studio 2015\projects\chatapplicationclient\chatapplicationserver\server.cpp(16): warning C4290: C++ exception specification ignored except to indicate a function is not __declspec(nothrow)
c:\users\boowm\documents\visual studio 2015\projects\chatapplicationclient\chatapplicationserver\server.cpp(37): warning C4290: C++ exception specification ignored except to indicate a function is not __declspec(nothrow)
c:\users\boowm\documents\visual studio 2015\projects\chatapplicationclient\chatapplicationserver\server.cpp(52): warning C4290: C++ exception specification ignored except to indicate a function is not __declspec(nothrow)
  Client.cpp
c:\users\boowm\documents\visual studio 2015\projects\chatapplicationclient\chatapplicationserver\comms.h(51): warning C4290: C++ exception specification ignored except to indicate a function is not __declspec(nothrow)
c:\users\boowm\documents\visual studio 2015\projects\chatapplicationclient\chatapplicationserver\comms.h(52): warning C4290: C++ exception specification ignored except to indicate a function is not __declspec(nothrow)
c:\users\boowm\documents\visual studio 2015\projects\chatapplicationclient\chatapplicationserver\comms.h(54): warning C4290: C++ exception specification ignored except to indicate a function is not __declspec(nothrow)
c:\users\boowm\documents\visual studio 2015\projects\chatapplicationclient\chatapplicationserver\comms.h(55): warning C4290: C++ exception specification ignored except to indicate a function is not __declspec(nothrow)
c:\users\boowm\documents\visual studio 2015\projects\chatapplicationclient\chatapplicationserver\client.h(17): warning C4290: C++ exception specification ignored except to indicate a function is not __declspec(nothrow)
c:\users\boowm\documents\visual studio 2015\projects\chatapplicationclient\chatapplicationserver\client.cpp(16): warning C4290: C++ exception specification ignored except to indicate a function is not __declspec(nothrow)
  Generating Code...
  ChatApplicationServer.vcxproj -> C:\Users\boowm\Documents\Visual Studio 2015\Projects\ChatApplicationClient\x64\Debug\ChatApplicationServer.exe
  ChatApplicationServer.vcxproj -> C:\Users\boowm\Documents\Visual Studio 2015\Projects\ChatApplicationClient\x64\Debug\ChatApplicationServer.pdb (Full PDB)
